

================================================================
== Synthesis Summary Report of 'nn_inference'
================================================================
+ General Information: 
    * Date:           Sat Feb  4 14:03:47 2023
    * Version:        2020.2 (Build 3064766 on Wed Nov 18 09:12:47 MST 2020)
    * Project:        ai_hls
    * Solution:       solution_ai (Vivado IP Flow Target)
    * Product family: zynquplus
    * Target device:  xczu3eg-sbva484-1-i
    

+ Performance & Resource Estimates: 
    
    PS: '+' for module; 'o' for loop; '*' for dataflow
    +-------------------+------+-------+---------+-----------+----------+---------+------+----------+--------+----+-----------+------------+-----+
    |      Modules      | Issue|       | Latency |  Latency  | Iteration|         | Trip |          |        |    |           |            |     |
    |      & Loops      | Type | Slack | (cycles)|    (ns)   |  Latency | Interval| Count| Pipelined|  BRAM  | DSP|     FF    |     LUT    | URAM|
    +-------------------+------+-------+---------+-----------+----------+---------+------+----------+--------+----+-----------+------------+-----+
    |+ nn_inference     |     -|  -0.02|     1949|  1.949e+04|         -|     1950|     -|        no|  5 (1%)|   -|  6185 (4%)|  8024 (11%)|    -|
    | o VITIS_LOOP_5_1  |     -|  -7.30|      102|  1.020e+03|         4|        1|   100|       yes|       -|   -|          -|           -|    -|
    | o col             |     -|  -7.30|     1728|  1.728e+04|        54|        -|    32|        no|       -|   -|          -|           -|    -|
    |  o prod           |     -|  -7.30|       51|    510.000|         3|        1|    50|       yes|       -|   -|          -|           -|    -|
    | o loop1           |     -|  -7.30|       34|    340.000|         4|        1|    32|       yes|       -|   -|          -|           -|    -|
    | o col             |     -|  -7.30|       22|    220.000|         8|        1|    16|       yes|       -|   -|          -|           -|    -|
    | o loop1           |     -|  -7.30|       18|    180.000|         4|        1|    16|       yes|       -|   -|          -|           -|    -|
    | o col             |     -|  -7.30|        5|     50.000|         4|        1|     3|       yes|       -|   -|          -|           -|    -|
    | o loop1           |     -|  -7.30|        3|     30.000|         1|        1|     3|       yes|       -|   -|          -|           -|    -|
    +-------------------+------+-------+---------+-----------+----------+---------+------+----------+--------+----+-----------+------------+-----+

